2025-07-06 14:57:00 | INFO | repo=auction | action=commit
2025-02-18 15:59:00 | INFO | repo=auction | action=commit
2025-02-11 15:16:00 | DEBUG | repo=auction | action=commit
2025-06-01 07:30:00 | WARN | repo=auction | action=commit
2025-06-04 17:33:00 | WARN | repo=auction | action=edit | files=4
2025-04-08 12:40:00 | INFO | repo=auction | action=commit
2025-06-25 07:59:00 | INFO | repo=auction | action=commit
2025-05-17 13:42:00 | WARN | repo=auction | action=pull
2025-06-28 14:46:00 | DEBUG | repo=auction | action=commit
2025-09-09 14:20:00 | WARN | repo=auction | action=commit
2025-04-11 19:25:00 | INFO | repo=auction | action=commit
2025-06-18 12:01:00 | DEBUG | repo=auction | action=commit
2025-03-17 11:11:00 | WARN | repo=auction | action=commit
2025-10-14 19:58:00 | DEBUG | repo=auction | action=commit
2025-09-20 18:01:00 | WARN | repo=auction | action=commit
2025-05-06 09:06:00 | DEBUG | repo=auction | action=commit
2025-02-17 10:37:00 | WARN | repo=auction | action=pull
2025-01-08 21:24:00 | WARN | repo=auction | action=commit
2025-02-14 09:27:00 | INFO | repo=auction | action=commit
2025-01-02 07:15:00 | INFO | repo=auction | action=pull
2025-04-17 20:22:00 | INFO | repo=auction | action=commit
2025-04-16 19:30:00 | DEBUG | repo=auction | action=commit
2025-02-15 17:44:00 | WARN | repo=auction | action=commit
2025-06-27 12:30:00 | WARN | repo=auction | action=commit
2025-03-04 13:39:00 | INFO | repo=auction | action=pull
2025-03-10 11:11:00 | INFO | repo=auction | action=commit
2025-06-27 10:54:00 | DEBUG | repo=auction | action=commit
2025-06-06 14:40:00 | DEBUG | repo=auction | action=commit
2025-12-28 08:15:00 | INFO | repo=auction | action=edit | files=3
2025-08-22 08:10:00 | INFO | repo=auction | action=commit
2025-07-06 11:14:00 | WARN | repo=auction | action=commit
2025-05-25 07:11:00 | INFO | repo=auction | action=commit
2025-06-24 19:33:00 | WARN | repo=auction | action=commit
2025-01-02 14:06:00 | DEBUG | repo=auction | action=test | passed=true
2025-02-15 07:17:00 | DEBUG | repo=auction | action=commit
2025-08-01 14:27:00 | WARN | repo=auction | action=commit
2025-11-24 15:42:00 | INFO | repo=auction | action=commit
2025-10-03 18:22:00 | DEBUG | repo=auction | action=edit | files=1
2025-03-17 19:46:00 | INFO | repo=auction | action=commit
2025-10-17 20:21:00 | WARN | repo=auction | action=commit
2025-11-24 20:01:00 | INFO | repo=auction | action=test | passed=true
2025-11-14 18:28:00 | INFO | repo=auction | action=commit
2025-12-05 14:13:00 | INFO | repo=auction | action=commit
2025-06-19 09:57:00 | DEBUG | repo=auction | action=commit
2025-01-02 07:20:00 | DEBUG | repo=auction | action=commit
2025-06-24 07:18:00 | DEBUG | repo=auction | action=pull
2025-06-17 11:48:00 | WARN | repo=auction | action=edit | files=3
2025-12-27 14:57:00 | DEBUG | repo=auction | action=commit
2025-03-16 20:45:00 | INFO | repo=auction | action=commit
2025-05-23 07:28:00 | WARN | repo=auction | action=commit
2025-02-09 16:14:00 | WARN | repo=auction | action=commit
2025-06-27 08:02:00 | DEBUG | repo=auction | action=commit
2025-08-07 08:58:00 | WARN | repo=auction | action=edit | files=3
2025-11-19 18:51:00 | WARN | repo=auction | action=commit
2025-06-20 21:56:00 | INFO | repo=auction | action=commit
2025-04-23 20:39:00 | DEBUG | repo=auction | action=commit
2025-10-10 15:11:00 | DEBUG | repo=auction | action=pull
2025-12-08 21:39:00 | DEBUG | repo=auction | action=commit
2025-01-09 18:40:00 | INFO | repo=auction | action=pull
2025-09-10 20:06:00 | WARN | repo=auction | action=commit
2025-07-08 11:42:00 | INFO | repo=auction | action=commit
2025-11-09 13:23:00 | WARN | repo=auction | action=commit
2025-05-18 19:30:00 | INFO | repo=auction | action=pull
2025-12-21 13:51:00 | WARN | repo=auction | action=commit
2025-09-15 18:52:00 | INFO | repo=auction | action=pull
2025-08-23 08:28:00 | INFO | repo=auction | action=commit
2025-09-12 14:04:00 | DEBUG | repo=auction | action=pull
2025-01-05 07:20:00 | INFO | repo=auction | action=test | passed=true
2025-05-07 15:13:00 | INFO | repo=auction | action=commit
2025-04-14 10:19:00 | INFO | repo=auction | action=commit
2025-08-08 14:10:00 | INFO | repo=auction | action=commit
2025-05-16 07:08:00 | DEBUG | repo=auction | action=pull
2025-01-25 14:22:00 | INFO | repo=auction | action=commit
2025-01-28 09:28:00 | INFO | repo=auction | action=commit
2025-08-07 07:02:00 | WARN | repo=auction | action=commit
2025-05-21 20:11:00 | WARN | repo=auction | action=commit
2025-06-19 10:10:00 | WARN | repo=auction | action=commit
2025-08-04 18:13:00 | INFO | repo=auction | action=pull
2025-12-12 07:41:00 | WARN | repo=auction | action=commit
2025-01-13 15:55:00 | INFO | repo=auction | action=commit
2025-09-23 11:52:00 | INFO | repo=auction | action=commit
2025-07-06 15:45:00 | WARN | repo=auction | action=commit
2025-12-10 08:02:00 | INFO | repo=auction | action=pull
2025-07-16 07:33:00 | WARN | repo=auction | action=commit
2025-06-21 07:08:00 | WARN | repo=auction | action=commit
2025-07-16 20:44:00 | WARN | repo=auction | action=commit
2025-05-04 20:04:00 | DEBUG | repo=auction | action=commit
2025-06-03 08:44:00 | WARN | repo=auction | action=commit
